<?xml version="1.0" encoding="UTF-8"?>
<coverage generated="1744984080742" clover="3.2.0">
  <project timestamp="1744984080742" name="All files">
    <metrics statements="18" coveredstatements="18" conditionals="8" coveredconditionals="8" methods="5" coveredmethods="5" elements="31" coveredelements="31" complexity="0" loc="18" ncloc="18" packages="1" files="1" classes="1"/>
    <file name="detector.js" path="C:\Users\Nasser\Documents\GitHub\credit-card-detection\src\detector.js">
      <metrics statements="18" coveredstatements="18" conditionals="8" coveredconditionals="8" methods="5" coveredmethods="5"/>
      <line num="5" count="1" type="stmt"/>
      <line num="27" count="13" type="stmt"/>
      <line num="36" count="266" type="stmt"/>
      <line num="37" count="17" type="stmt"/>
      <line num="38" count="266" type="cond" truecount="2" falsecount="0"/>
      <line num="39" count="131" type="stmt"/>
      <line num="40" count="131" type="cond" truecount="2" falsecount="0"/>
      <line num="41" count="131" type="stmt"/>
      <line num="43" count="135" type="stmt"/>
      <line num="45" count="17" type="stmt"/>
      <line num="55" count="13" type="stmt"/>
      <line num="56" count="13" type="cond" truecount="2" falsecount="0"/>
      <line num="57" count="1" type="stmt"/>
      <line num="60" count="12" type="stmt"/>
      <line num="61" count="89" type="cond" truecount="2" falsecount="0"/>
      <line num="62" count="11" type="stmt"/>
      <line num="65" count="1" type="stmt"/>
      <line num="69" count="1" type="stmt"/>
    </file>
  </project>
</coverage>
