{"C:\\Users\\Nasser\\Documents\\GitHub\\credit-card-detection\\src\\detector.js": {"path":"C:\\Users\\Nasser\\Documents\\GitHub\\credit-card-detection\\src\\detector.js","statementMap":{"0":{"start":{"line":5,"column":21},"end":{"line":19,"column":1}},"1":{"start":{"line":27,"column":2},"end":{"line":27,"column":38}},"2":{"start":{"line":36,"column":17},"end":{"line":36,"column":69}},"3":{"start":{"line":36,"column":53},"end":{"line":36,"column":68}},"4":{"start":{"line":37,"column":14},"end":{"line":44,"column":7}},"5":{"start":{"line":38,"column":4},"end":{"line":42,"column":5}},"6":{"start":{"line":39,"column":20},"end":{"line":39,"column":29}},"7":{"start":{"line":40,"column":6},"end":{"line":40,"column":36}},"8":{"start":{"line":40,"column":23},"end":{"line":40,"column":36}},"9":{"start":{"line":41,"column":6},"end":{"line":41,"column":27}},"10":{"start":{"line":43,"column":4},"end":{"line":43,"column":23}},"11":{"start":{"line":45,"column":2},"end":{"line":45,"column":24}},"12":{"start":{"line":55,"column":20},"end":{"line":55,"column":36}},"13":{"start":{"line":56,"column":2},"end":{"line":58,"column":3}},"14":{"start":{"line":57,"column":4},"end":{"line":57,"column":45}},"15":{"start":{"line":60,"column":2},"end":{"line":64,"column":3}},"16":{"start":{"line":61,"column":4},"end":{"line":63,"column":5}},"17":{"start":{"line":62,"column":6},"end":{"line":62,"column":19}},"18":{"start":{"line":65,"column":2},"end":{"line":65,"column":24}},"19":{"start":{"line":69,"column":0},"end":{"line":72,"column":2}}},"fnMap":{"0":{"name":"sanitize","decl":{"start":{"line":26,"column":9},"end":{"line":26,"column":17}},"loc":{"start":{"line":26,"column":26},"end":{"line":28,"column":1}},"line":26},"1":{"name":"isValidLuhn","decl":{"start":{"line":35,"column":9},"end":{"line":35,"column":20}},"loc":{"start":{"line":35,"column":29},"end":{"line":46,"column":1}},"line":35},"2":{"name":"(anonymous_2)","decl":{"start":{"line":36,"column":48},"end":{"line":36,"column":49}},"loc":{"start":{"line":36,"column":53},"end":{"line":36,"column":68}},"line":36},"3":{"name":"(anonymous_3)","decl":{"start":{"line":37,"column":28},"end":{"line":37,"column":29}},"loc":{"start":{"line":37,"column":49},"end":{"line":44,"column":3}},"line":37},"4":{"name":"detectCardBrand","decl":{"start":{"line":54,"column":9},"end":{"line":54,"column":24}},"loc":{"start":{"line":54,"column":33},"end":{"line":66,"column":1}},"line":54}},"branchMap":{"0":{"loc":{"start":{"line":38,"column":4},"end":{"line":42,"column":5}},"type":"if","locations":[{"start":{"line":38,"column":4},"end":{"line":42,"column":5}},{"start":{},"end":{}}],"line":38},"1":{"loc":{"start":{"line":40,"column":6},"end":{"line":40,"column":36}},"type":"if","locations":[{"start":{"line":40,"column":6},"end":{"line":40,"column":36}},{"start":{},"end":{}}],"line":40},"2":{"loc":{"start":{"line":56,"column":2},"end":{"line":58,"column":3}},"type":"if","locations":[{"start":{"line":56,"column":2},"end":{"line":58,"column":3}},{"start":{},"end":{}}],"line":56},"3":{"loc":{"start":{"line":61,"column":4},"end":{"line":63,"column":5}},"type":"if","locations":[{"start":{"line":61,"column":4},"end":{"line":63,"column":5}},{"start":{},"end":{}}],"line":61}},"s":{"0":1,"1":13,"2":17,"3":266,"4":17,"5":266,"6":131,"7":131,"8":39,"9":131,"10":135,"11":17,"12":13,"13":13,"14":1,"15":12,"16":89,"17":11,"18":1,"19":1},"f":{"0":13,"1":17,"2":266,"3":266,"4":13},"b":{"0":[131,135],"1":[39,92],"2":[1,12],"3":[11,78]},"_coverageSchema":"1a1c01bbd47fc00a2c39e90264f33305004495a9","hash":"62a28de901448244bf4f6a606f8de90a85e768e4"}
}
