TN:
SF:src\detector.js
FN:26,sanitize
FN:35,isValidLuhn
FN:36,(anonymous_2)
FN:37,(anonymous_3)
FN:54,detectCardBrand
FNF:5
FNH:5
FNDA:13,sanitize
FNDA:17,isValidLuhn
FNDA:266,(anonymous_2)
FNDA:266,(anonymous_3)
FNDA:13,detectCardBrand
DA:5,1
DA:27,13
DA:36,266
DA:37,17
DA:38,266
DA:39,131
DA:40,131
DA:41,131
DA:43,135
DA:45,17
DA:55,13
DA:56,13
DA:57,1
DA:60,12
DA:61,89
DA:62,11
DA:65,1
DA:69,1
LF:18
LH:18
BRDA:38,0,0,131
BRDA:38,0,1,135
BRDA:40,1,0,39
BRDA:40,1,1,92
BRDA:56,2,0,1
BRDA:56,2,1,12
BRDA:61,3,0,11
BRDA:61,3,1,78
BRF:8
BRH:8
end_of_record
